<?xml version="1.0" encoding="UTF-8"?>
<testsuite xmlns:xsi="http://www.w3.org/2001/XMLSchema-instance" xsi:noNamespaceSchemaLocation="https://maven.apache.org/surefire/maven-surefire-plugin/xsd/surefire-test-report-3.0.xsd" version="3.0" name="com.example.collections.IntegrationTest" time="1.269" tests="6" errors="0" skipped="0" failures="0">
  <properties>
[...]
</properties>
  <testcase name="testMainMethodWithInvalidArgument" classname="com.example.collections.IntegrationTest" time="0.573">
    <system-out><![CDATA[Неверный формат числа. Использую значение по умолчанию: 10000
🚀 Запуск тестов производительности ArrayList vs LinkedList
==========================================================

📊 Результаты тестирования (10000 операций):
==================================================================================
Метод                     ArrayList (нс)  LinkedList (нс) Быстрее      Разница   
----------------------------------------------------------------------------------
add(в начало)             4645400         720000          LinkedList   6,45      x
add(в конец)              278000          293700          ArrayList    1,06      x
add(случайная позиция)    3255000         43283300        ArrayList    13,30     x
get(по индексу)           235600          32000300        ArrayList    135,82    x
get(случайный индекс)     284300          30649600        ArrayList    107,81    x
remove(из начала)         3354400         277500          LinkedList   12,09     x
remove(из конца)          281100          325200          ArrayList    1,16      x
remove(случайная позиция) 3115600         29004300        ArrayList    9,31      x
search(contains)          25240400        76713700        ArrayList    3,04      x
iteration(foreach)        188800          214600          ArrayList    1,14      x

📈 Итоговая статистика:
=====================
Побед ArrayList: 8
Побед LinkedList: 2
🏆 ArrayList показал лучшую производительность в большинстве тестов

💡 Рекомендации по использованию:
- ArrayList лучше для частого доступа по индексу и добавления в конец
- LinkedList лучше для частых вставок/удалений в начале/середине списка
]]></system-out>
  </testcase>
  <testcase name="testMainMethodWithNoArguments" classname="com.example.collections.IntegrationTest" time="0.529">
    <system-out><![CDATA[🚀 Запуск тестов производительности ArrayList vs LinkedList
==========================================================

📊 Результаты тестирования (10000 операций):
==================================================================================
Метод                     ArrayList (нс)  LinkedList (нс) Быстрее      Разница   
----------------------------------------------------------------------------------
add(в начало)             4193700         95400           LinkedList   43,96     x
add(в конец)              307300          192100          LinkedList   1,60      x
add(случайная позиция)    2846900         41923000        ArrayList    14,73     x
get(по индексу)           105200          31662600        ArrayList    300,98    x
get(случайный индекс)     145300          31597300        ArrayList    217,46    x
remove(из начала)         4336800         94700           LinkedList   45,80     x
remove(из конца)          130400          161800          ArrayList    1,24      x
remove(случайная позиция) 2819000         30160100        ArrayList    10,70     x
search(contains)          27795300        87739200        ArrayList    3,16      x
iteration(foreach)        62900           96500           ArrayList    1,53      x

📈 Итоговая статистика:
=====================
Побед ArrayList: 7
Побед LinkedList: 3
🏆 ArrayList показал лучшую производительность в большинстве тестов

💡 Рекомендации по использованию:
- ArrayList лучше для частого доступа по индексу и добавления в конец
- LinkedList лучше для частых вставок/удалений в начале/середине списка
]]></system-out>
  </testcase>
  <testcase name="testPerformanceTrends" classname="com.example.collections.IntegrationTest" time="0.008"/>
  <testcase name="testMainMethodWithValidArgument" classname="com.example.collections.IntegrationTest" time="0.009">
    <system-out><![CDATA[🚀 Запуск тестов производительности ArrayList vs LinkedList
==========================================================

📊 Результаты тестирования (1000 операций):
==================================================================================
Метод                     ArrayList (нс)  LinkedList (нс) Быстрее      Разница   
----------------------------------------------------------------------------------
add(в начало)             200100          15700           LinkedList   12,75     x
add(в конец)              16200           14400           LinkedList   1,13      x
add(случайная позиция)    187700          237400          ArrayList    1,26      x
get(по индексу)           8400            325600          ArrayList    38,76     x
get(случайный индекс)     11500           329700          ArrayList    28,67     x
remove(из начала)         160300          11900           LinkedList   13,47     x
remove(из конца)          12000           14200           ArrayList    1,18      x
remove(случайная позиция) 165200          162000          LinkedList   1,02      x
search(contains)          317000          915200          ArrayList    2,89      x
iteration(foreach)        6500            28200           ArrayList    4,34      x

📈 Итоговая статистика:
=====================
Побед ArrayList: 6
Побед LinkedList: 4
🏆 ArrayList показал лучшую производительность в большинстве тестов

💡 Рекомендации по использованию:
- ArrayList лучше для частого доступа по индексу и добавления в конец
- LinkedList лучше для частых вставок/удалений в начале/середине списка
]]></system-out>
  </testcase>
  <testcase name="testLargeOperationCount" classname="com.example.collections.IntegrationTest" time="0.134"/>
  <testcase name="testMultipleRunsConsistency" classname="com.example.collections.IntegrationTest" time="0.002"/>
</testsuite>